<?xml version="1.0" encoding="UTF-8"?>
<testng-results total="1" passed="1" failed="0" skipped="0">
  <reporter-output>
  </reporter-output>
  <suite started-at="2024-04-01T15:28:40Z" name="Suite" finished-at="2024-04-01T15:28:40Z" duration-ms="125">
    <groups>
    </groups>
    <test started-at="2024-04-01T15:28:40Z" name="Test" finished-at="2024-04-01T15:28:40Z" duration-ms="125">
      <class name="com.base.test.TestingClass">
        <test-method signature="testOne()[pri:0, instance:com.base.test.TestingClass@1ed6388a]" started-at="2024-04-01T20:58:40Z" name="testOne" finished-at="2024-04-01T20:58:40Z" duration-ms="63" status="PASS">
          <reporter-output>
          </reporter-output>
        </test-method> <!-- testOne -->
      </class> <!-- com.base.test.TestingClass -->
    </test> <!-- Test -->
  </suite> <!-- Suite -->
</testng-results>
