<?xml version="1.0" encoding="UTF-8"?>
<testng-results skipped="0" failed="0" ignored="0" total="1" passed="1">
  <reporter-output>
  </reporter-output>
  <suite name="Suite" duration-ms="127" started-at="2024-04-01T20:54:29 IST" finished-at="2024-04-01T20:54:29 IST">
    <groups>
    </groups>
    <test name="Test" duration-ms="127" started-at="2024-04-01T20:54:29 IST" finished-at="2024-04-01T20:54:29 IST">
      <class name="com.base.test.TestingClass">
        <test-method status="PASS" signature="testOne()[pri:0, instance:com.base.test.TestingClass@2ac273d3]" name="testOne" duration-ms="26" started-at="2024-04-01T20:54:29 IST" finished-at="2024-04-01T20:54:29 IST">
          <reporter-output>
          </reporter-output>
        </test-method> <!-- testOne -->
      </class> <!-- com.base.test.TestingClass -->
    </test> <!-- Test -->
  </suite> <!-- Suite -->
</testng-results>
